2022-08-09 19:37:15 INFO  CategoryController:29 - Category successfully created CategoryDTO(Id=null, title=CrearCategoria NEW1, description=CrearCategoriaTest NEW1, urlImage=http://localhost:8080/categories)
2022-08-09 19:37:19 INFO  CategoryController:85 - Getting all the Categories
2022-08-09 19:37:45 INFO  CategoryController:40 - Searching category with id: 3
2022-08-09 19:37:58 INFO  CategoryController:72 - Category with id: 3 was deleted successfully 
2022-08-09 19:38:56 INFO  CategoryController:56 - Category with id: 7 was modified successfully 
2022-08-09 19:39:00 INFO  CategoryController:85 - Getting all the Categories
2022-08-09 19:40:18 INFO  CategoryController:85 - Getting all the Categories
2022-08-09 19:40:18 INFO  CategoryController:40 - Searching category with id: 13
2022-08-09 19:40:40 INFO  CategoryController:85 - Getting all the Categories
2022-08-09 19:42:29 INFO  CategoryController:85 - Getting all the Categories
2022-08-09 19:42:29 INFO  CategoryController:40 - Searching category with id: 13
2022-08-09 19:42:50 INFO  CategoryController:56 - Category with id: 12 was modified successfully 
2022-08-09 22:44:59 INFO  CategoryController:85 - Getting all the Categories
2022-08-09 22:45:58 INFO  CategoryController:85 - Getting all the Categories
2022-08-09 22:45:58 INFO  CategoryController:40 - Searching category with id: 13
2022-08-09 22:46:39 INFO  CategoryController:85 - Getting all the Categories
2022-08-09 22:47:43 INFO  CategoryController:29 - Category successfully created CategoryDTO(Id=null, title=CrearCategoria NEW2, description=CrearCategoriaTest NEW2, urlImage=http://localhost:8080/categories)
2022-08-09 22:47:43 INFO  CategoryController:85 - Getting all the Categories
2022-08-09 22:47:44 INFO  CategoryController:40 - Searching category with id: 12
2022-08-09 22:47:44 INFO  CategoryController:72 - Category with id: 14 was deleted successfully 
2022-08-09 22:47:44 INFO  CategoryController:56 - Category with id: 6 was modified successfully 
2022-08-11 16:16:45 INFO  CategoryController:29 - Category successfully created CategoryDTO(Id=null, title=CrearCategoria REVIEW, description=CrearCategoriaTest REVIEW, urlImage=http://localhost:8080/categories)
2022-08-11 16:16:51 INFO  CategoryController:85 - Getting all the Categories
2022-08-11 16:17:00 INFO  CategoryController:72 - Category with id: 20 was deleted successfully 
2022-08-11 16:17:12 INFO  CategoryController:85 - Getting all the Categories
2022-08-11 16:20:37 INFO  CategoryController:29 - Category successfully created CategoryDTO(Id=null, title=CrearCategoria REVIEW, description=CrearCategoriaTest REVIEW, urlImage=http://localhost:8080/categories)
2022-08-24 00:44:37 INFO  ProductController:84 - Getting all the products
2022-08-24 00:48:09 INFO  CategoryController:85 - Getting all the Categories
2022-08-24 01:26:41 INFO  ProductController:84 - Getting all the products
2022-08-24 11:36:20 INFO  ProductController:84 - Getting all the products
2022-08-24 12:29:24 INFO  ProductController:84 - Getting all the products
2022-08-24 12:41:50 INFO  ProductController:84 - Getting all the products
2022-08-24 12:43:47 INFO  ProductController:84 - Getting all the products
2022-08-24 12:45:38 INFO  ProductController:28 - Product successfully created ProductDTO(id=null, name=Selina, description=20 minutos del aeropuerto de San Jose.Contiene terraza deck, jacuzzi, firepit citas romanticas o pasarla bien., category=CategoryDTO(Id=1, title=null, description=null, urlImage=null), images=[Image(id=null, title=Habitacion, url=https://a0.muscache.com/im/pictures/8fb0f683-8e58-478a-9606-58fb055117d0.jpg?im_w=1440, product=null), Image(id=null, title=Exterior, url=https://a0.muscache.com/im/pictures/a47af5dd-1391-454a-8218-d879a93a6033.jpg?im_w=1200, product=null), Image(id=null, title=Sendero, url=https://a0.muscache.com/im/pictures/108678155/74d1a0d0_original.jpg?im_w=1440, product=null), Image(id=null, title=Vista, url=https://a0.muscache.com/im/pictures/0fb057bc-ba7b-4619-9d79-6d3d55421f73.jpg?im_w=1440, product=null), Image(id=null, title=Casa a la derecha, url=https://a0.muscache.com/im/pictures/30de34f2-770b-4308-b769-0083309aecda.jpg?im_w=1440, product=null)], city=CityDTO(id=1, name=null, state=null, country=null), feature=Feature(id=1, pool=false, grill=false, AC=false, gym=false, laundry=false, heating=false, pets=false, wifi=false), policy=PolicyDTO(id=1, norms=null, healthAndSecurity=null, cancellationPolicy=null), booking=[], address=Calle de prueba 1, latitude=1.0, longitude=2.0)
2022-08-24 12:52:53 INFO  ProductController:28 - Product successfully created ProductDTO(id=null, name=Selina, description=20 minutos del aeropuerto de San Jose.Contiene terraza deck, jacuzzi, firepit citas romanticas o pasarla bien., category=CategoryDTO(Id=1, title=null, description=null, urlImage=null), images=[Image(id=null, title=Habitacion, url=https://a0.muscache.com/im/pictures/8fb0f683-8e58-478a-9606-58fb055117d0.jpg?im_w=1440, product=null), Image(id=null, title=Exterior, url=https://a0.muscache.com/im/pictures/a47af5dd-1391-454a-8218-d879a93a6033.jpg?im_w=1200, product=null), Image(id=null, title=Sendero, url=https://a0.muscache.com/im/pictures/108678155/74d1a0d0_original.jpg?im_w=1440, product=null), Image(id=null, title=Vista, url=https://a0.muscache.com/im/pictures/0fb057bc-ba7b-4619-9d79-6d3d55421f73.jpg?im_w=1440, product=null), Image(id=null, title=Casa a la derecha, url=https://a0.muscache.com/im/pictures/30de34f2-770b-4308-b769-0083309aecda.jpg?im_w=1440, product=null)], city=CityDTO(id=1, name=null, state=null, country=null), feature=Feature(id=1, pool=false, grill=false, AC=false, gym=false, laundry=false, heating=false, pets=false, wifi=false), policy=PolicyDTO(id=1, norms=null, healthAndSecurity=null, cancellationPolicy=null), booking=[], address=Calle de prueba 1, latitude=1.0, longitude=2.0)
2022-08-24 12:53:24 INFO  ProductController:84 - Getting all the products
2022-08-24 13:01:18 INFO  ProductController:28 - Product successfully created ProductDTO(id=null, name=Selina, description=20 minutos del aeropuerto de San Jose.Contiene terraza deck, jacuzzi, firepit citas romanticas o pasarla bien., category=CategoryDTO(Id=1, title=null, description=null, urlImage=null), images=[Image(id=null, title=Habitacion, url=https://a0.muscache.com/im/pictures/8fb0f683-8e58-478a-9606-58fb055117d0.jpg?im_w=1440, product=null), Image(id=null, title=Exterior, url=https://a0.muscache.com/im/pictures/a47af5dd-1391-454a-8218-d879a93a6033.jpg?im_w=1200, product=null), Image(id=null, title=Sendero, url=https://a0.muscache.com/im/pictures/108678155/74d1a0d0_original.jpg?im_w=1440, product=null), Image(id=null, title=Vista, url=https://a0.muscache.com/im/pictures/0fb057bc-ba7b-4619-9d79-6d3d55421f73.jpg?im_w=1440, product=null), Image(id=null, title=Casa a la derecha, url=https://a0.muscache.com/im/pictures/30de34f2-770b-4308-b769-0083309aecda.jpg?im_w=1440, product=null)], city=CityDTO(id=1, name=null, state=null, country=null), feature=Feature(id=null, pool=true, grill=false, AC=true, gym=true, laundry=false, heating=true, pets=false, wifi=true), policy=PolicyDTO(id=1, norms=null, healthAndSecurity=null, cancellationPolicy=null), booking=[], address=Calle de prueba 1, latitude=1.0, longitude=2.0)
2022-08-24 13:01:25 INFO  ProductController:84 - Getting all the products
2022-08-24 13:05:35 INFO  ProductController:84 - Getting all the products
2022-08-24 13:10:31 INFO  ProductController:28 - Product successfully created ProductDTO(id=null, name=Selina, description=20 minutos del aeropuerto de San Jose.Contiene terraza deck, jacuzzi, firepit citas romanticas o pasarla bien., category=CategoryDTO(Id=1, title=null, description=null, urlImage=null), images=[Image(id=null, title=Habitacion, url=https://a0.muscache.com/im/pictures/8fb0f683-8e58-478a-9606-58fb055117d0.jpg?im_w=1440, product=null), Image(id=null, title=Exterior, url=https://a0.muscache.com/im/pictures/a47af5dd-1391-454a-8218-d879a93a6033.jpg?im_w=1200, product=null), Image(id=null, title=Sendero, url=https://a0.muscache.com/im/pictures/108678155/74d1a0d0_original.jpg?im_w=1440, product=null), Image(id=null, title=Vista, url=https://a0.muscache.com/im/pictures/0fb057bc-ba7b-4619-9d79-6d3d55421f73.jpg?im_w=1440, product=null), Image(id=null, title=Casa a la derecha, url=https://a0.muscache.com/im/pictures/30de34f2-770b-4308-b769-0083309aecda.jpg?im_w=1440, product=null)], city=CityDTO(id=1, name=null, state=null, country=null), features=FeatureDTO(id=null, pool=true, grill=false, AC=true, gym=true, laundry=false, heating=true, pets=false, wifi=true), policy=PolicyDTO(id=1, norms=null, healthAndSecurity=null, cancellationPolicy=null), booking=[], address=Calle de prueba 1, latitude=1.0, longitude=2.0, scores=null)
2022-08-24 13:11:00 INFO  ProductController:84 - Getting all the products
2022-08-24 13:34:06 INFO  ProductController:84 - Getting all the products
2022-08-24 13:34:50 INFO  ProductController:28 - Product successfully created ProductDTO(id=null, name=Selina, description=20 minutos del aeropuerto de San Jose.Contiene terraza deck, jacuzzi, firepit citas romanticas o pasarla bien., category=CategoryDTO(Id=1, title=null, description=null, urlImage=null), images=[Image(id=null, title=Habitacion, url=https://a0.muscache.com/im/pictures/8fb0f683-8e58-478a-9606-58fb055117d0.jpg?im_w=1440, product=null), Image(id=null, title=Exterior, url=https://a0.muscache.com/im/pictures/a47af5dd-1391-454a-8218-d879a93a6033.jpg?im_w=1200, product=null), Image(id=null, title=Sendero, url=https://a0.muscache.com/im/pictures/108678155/74d1a0d0_original.jpg?im_w=1440, product=null), Image(id=null, title=Vista, url=https://a0.muscache.com/im/pictures/0fb057bc-ba7b-4619-9d79-6d3d55421f73.jpg?im_w=1440, product=null), Image(id=null, title=Casa a la derecha, url=https://a0.muscache.com/im/pictures/30de34f2-770b-4308-b769-0083309aecda.jpg?im_w=1440, product=null)], city=CityDTO(id=1, name=null, state=null, country=null), features=FeatureDTO(id=null, pool=true, grill=false, AC=true, gym=true, laundry=false, heating=true, pets=false, wifi=true), policy=PolicyDTO(id=1, norms=null, healthAndSecurity=null, cancellationPolicy=null), booking=[], address=Calle de prueba 1, latitude=1.0, longitude=2.0, scores=null)
2022-08-24 13:34:58 INFO  ProductController:84 - Getting all the products
2022-08-24 14:59:14 INFO  ProductController:28 - Product successfully created ProductDTO(id=null, name=Selina, description=20 minutos del aeropuerto de San Jose.Contiene terraza deck, jacuzzi, firepit citas romanticas o pasarla bien., category=CategoryDTO(Id=1, title=null, description=null, urlImage=null), images=[Image(id=null, title=Habitacion, url=https://a0.muscache.com/im/pictures/8fb0f683-8e58-478a-9606-58fb055117d0.jpg?im_w=1440, product=null), Image(id=null, title=Exterior, url=https://a0.muscache.com/im/pictures/a47af5dd-1391-454a-8218-d879a93a6033.jpg?im_w=1200, product=null), Image(id=null, title=Sendero, url=https://a0.muscache.com/im/pictures/108678155/74d1a0d0_original.jpg?im_w=1440, product=null), Image(id=null, title=Vista, url=https://a0.muscache.com/im/pictures/0fb057bc-ba7b-4619-9d79-6d3d55421f73.jpg?im_w=1440, product=null), Image(id=null, title=Casa a la derecha, url=https://a0.muscache.com/im/pictures/30de34f2-770b-4308-b769-0083309aecda.jpg?im_w=1440, product=null)], city=CityDTO(id=1, name=null, state=null, country=null), features=FeatureDTO(id=null, pool=true, grill=false, AC=true, gym=true, laundry=false, heating=true, pets=false, wifi=true), policy=PolicyDTO(id=2, norms=Se aplican las prácticas de seguridad de Airbnb relacionadas con la COVID-19,Alarma de monóxido de carbono no informada,Detector de humo no informado, healthAndSecurity=Cancelación gratuita antes de 48 hrs, Consulta la política de cancelación completa del anfitrión, que se aplica incluso si cancelas por problemas de salud, incluidos aquellos causados por la COVID-19., cancellationPolicy=Check-in: 13:00 a 18:00,Salida: 10:00,Prohibido fumar,Está prohibido hacer fiestas o eventos,Se admiten mascotas), booking=[], address=Calle de prueba 1, latitude=1.0, longitude=2.0, scores=null)
2022-08-24 16:04:48 INFO  ProductController:90 - Getting all the products
2022-08-24 16:05:37 INFO  ProductController:84 - Getting all the products
2022-08-24 16:41:28 INFO  ProductController:84 - Getting all the products
2022-08-24 16:44:16 INFO  ProductController:84 - Getting all the products
2022-08-24 16:44:19 INFO  ProductController:90 - Getting all the products
2022-08-24 16:47:04 INFO  ProductController:90 - Getting all the products
2022-08-24 16:47:23 INFO  ProductController:84 - Getting all the products
2022-08-26 19:04:55 INFO  ProductController:28 - Product successfully created ProductDTO(id=null, name=Producto test, description=Lorem ipsum dolor sit amet, consectetur adipiscing elit, sed do eiusmod tempor incididunt ut labore et dolore magna aliqua. Ut enim ad minim veniam, quis nostrud exercitation ullamco laboris nisi ut aliquip ex ea commodo consequat. Duis aute irure dolor in reprehenderit in voluptate velit esse cillum dolore eu fugiat nulla pariatur. Excepteur sint occaecat cupidatat non proident, sunt in culpa qui officia deserunt mollit anim id est laborum., category=CategoryDTO(Id=1, title=null, description=null, urlImage=null), images=[Image(id=null, title=Imagen 1, url=https://homespot-img-grupo2.s3.us-east-2.amazonaws.com/house/imgTest1.jpg, product=null), Image(id=null, title=Imagen 4, url=https://homespot-img-grupo2.s3.us-east-2.amazonaws.com/house/imgTest4.jpeg, product=null), Image(id=null, title=Imagen 5, url=https://homespot-img-grupo2.s3.us-east-2.amazonaws.com/house/imgTest5.jpg, product=null), Image(id=null, title=Imagen 2, url=https://homespot-img-grupo2.s3.us-east-2.amazonaws.com/house/imgTest2.jpeg, product=null), Image(id=null, title=imagen 3, url=https://homespot-img-grupo2.s3.us-east-2.amazonaws.com/house/imgTest3.jpeg, product=null)], city=CityDTO(id=1, name=null, state=null, country=null), features=FeatureDTO(id=null, pool=true, grill=false, AC=true, gym=true, laundry=true, heating=false, pets=false, wifi=true), policy=PolicyDTO(id=1, norms=null, healthAndSecurity=null, cancellationPolicy=null), booking=[], address=Calle test, latitude=1.0, longitude=2.0, scores=null)
